     1                                  section .data 
     2 00000000 48656C6C6F20576F72-     	msg1 db "Hello World", 10  , 0
     2 00000009 6C640A00           
     3                                  	msg1len  equ $-msg1 - 1
     4                                  
     5 0000000D 416C69766520616E64-     	msg2 db "Alive and Kicking" , 10 , 0
     5 00000016 204B69636B696E670A-
     5 0000001F 00                 
     6                                  	msg2len equ $-msg2 - 1
     7                                  
     8 00000020 6501000000000000        	radius dq 357
     9 00000028 1F85EB51B81E0940        	pi dq 3.14
    10                                  
    11                                  section .bss
    12                                  
    13                                  section .text
    14                                  	global main
    15                                  
    16                                  main: 
    17 00000000 55                      	push rbp
    18 00000001 4889E5                  	mov rbp , rsp 
    19                                  		
    20 00000004 4831C0                  	xor rax , rax
    21 00000007 48FFC0                  	inc rax
    22                                  
    23 0000000A 4831FF                  	xor rdi , rdi 
    24 0000000D 48FFC7                  	inc rdi
    25                                  
    26 00000010 48BE-                   	mov rsi , msg1
    26 00000012 [0000000000000000] 
    27 0000001A BA0C000000              	mov rdx , msg1len
    28 0000001F 0F05                    	syscall
    29                                  
    30 00000021 4831C0                  	xor rax, rax
    31 00000024 48FFC0                  	inc rax
    32                                  
    33 00000027 4831FF                  	xor rdi , rdi
    34 0000002A 48FFC7                  	inc rdi
    35                                  
    36 0000002D 48BE-                   	mov rsi , msg2
    36 0000002F [0D00000000000000] 
    37 00000037 BA12000000              	mov rdx , msg2len
    38 0000003C 0F05                    	syscall
    39                                  
    40 0000003E 4889EC                  	mov rsp , rbp
    41 00000041 5D                      	pop rbp
    42                                  
    43 00000042 B83C000000              	mov rax , 60
    44 00000047 4831FF                  	xor rdi , rdi
    45 0000004A 0F05                    	syscall
    46                                  
    47                                  
    48                                  
    49                                  
    50                                  
