     1                                  extern printf
     2                                  section .data
     3 00000000 00CA9A3B00000000        	loops dq 1000000000
     4 00000008 256C640A00              	fmt  db "%ld" , 10 , 0
     5                                  
     6                                  section .bss
     7                                  
     8                                  section .text
     9                                  	global main
    10                                  	main:
    11 00000000 55                      		push rbp
    12 00000001 4889E5                  		mov rbp , rsp
    13                                  
    14 00000004 4831C9                  		xor rcx , rcx
    15 00000007 4831C0                  		xor rax , rax
    16                                  
    17                                  		for_loop:
    18 0000000A 4801C8                  			add rax , rcx
    19 0000000D 48FFC1                  			inc rcx
    20 00000010 483B0C25[00000000]      			cmp rcx , [loops]
    21 00000018 7EF0                    			jle for_loop
    22                                  
    23 0000001A 4889C2                  		mov rdx , rax
    24                                  
    25 0000001D 4831C0                  		xor rax , rax
    26                                  
    27 00000020 48BF-                   		mov rdi , fmt
    27 00000022 [0800000000000000] 
    28 0000002A 4889D6                  		mov rsi , rdx
    29 0000002D E8(00000000)            		call printf
    30                                  
    31 00000032 4889EC                  		mov rsp , rbp
    32 00000035 5D                      		pop rbp
    33 00000036 C3                      		ret
    34                                  		
