     1                                  section .data
     2 00000000 7B                      	bNum db 123
     3 00000001 3930                    	wNum dw 12345
     4 00000003 B3B55607                	dNum dd 123123123
     5 00000007 B37304D6FA6F0000        	qNum1 dq 123123123123123
     6 0000000F F3E0010000000000        	qNum2 dq 123123
     7 00000017 1F85EB51B81E0940        	qNum3 dq 3.14
     8                                  
     9                                  section .bss
    10                                  
    11                                  section .text
    12                                  
    13                                  	global main
    14                                  
    15                                  	main:
    16 00000000 55                      		push rbp 
    17 00000001 4889E5                  		mov rbp , rsp
    18                                  
    19 00000004 48C7C0FFFFFFFF          		mov rax , -1
    20                                  
    21 0000000B 8A0425[00000000]        		mov al , byte[bNum]
    22                                  
    23 00000012 4831C0                  		xor rax , rax
    24 00000015 8A0425[00000000]        		mov al , byte[bNum]
    25                                  
    26 0000001C 48C7C0FFFFFFFF          		mov rax , -1
    27                                  
    28 00000023 668B0425[01000000]      		mov ax, word[wNum]
    29 0000002B 4831C0                  		xor rax , rax
    30                                  
    31 0000002E 668B0425[01000000]      		mov ax , word[wNum]
    32 00000036 48C7C0FFFFFFFF          		mov rax , -1
    33                                  
    34 0000003D 8B0425[03000000]        		mov eax , dword[dNum]
    35 00000044 48C7C0FFFFFFFF          		mov rax , -1
    36                                  
    37 0000004B 488B0425[07000000]      		mov rax , qword[qNum1]
    38 00000053 48890425[0F000000]      		mov qword[qNum2] , rax
    39 0000005B B840E20100              		mov rax , 123456
    40                                  
    41 00000060 F30F7E0425-             		movq xmm0 , [qNum3]
    41 00000065 [17000000]         
    42                                  
    43 00000069 4889EC                  	mov rsp , rbp
    44 0000006C 5D                      	pop rbp
    45 0000006D C3                      	ret
